<?xml version="1.0" encoding="UTF-8"?>
<!-- Generated by org.testng.reporters.JUnitXMLReporter -->
<testsuite ignored="0" hostname="DESKTOP-POR82VQ" failures="1" tests="3" name="Test123" time="5.002" errors="0" timestamp="17 Jan 2022 04:31:52 GMT">
  <testcase classname="test.NewLoginTest" name="test1" time="0.041"/>
  <testcase classname="test.NewLoginTest" name="test2" time="0.017"/>
  <testcase classname="test.NewLoginTest" name="test3" time="0.009">
    <failure type="java.lang.NoClassDefFoundError" message="org/apache/commons/io/output/UnsynchronizedByteArrayOutputStream">
      <![CDATA[java.lang.NoClassDefFoundError: org/apache/commons/io/output/UnsynchronizedByteArrayOutputStream
at org.apache.poi.poifs.filesystem.FileMagic.valueOf(FileMagic.java:209)
at org.apache.poi.ss.usermodel.WorkbookFactory.create(WorkbookFactory.java:206)
at org.apache.poi.ss.usermodel.WorkbookFactory.create(WorkbookFactory.java:172)
at util_main.TestUtile.ExcelRead(TestUtile.java:39)
at facebook_main.Login_new.verylogin(Login_new.java:46)
at test.NewLoginTest.test3(NewLoginTest.java:45)
Caused by: java.lang.ClassNotFoundException: org.apache.commons.io.output.UnsynchronizedByteArrayOutputStream
at java.base/jdk.internal.loader.BuiltinClassLoader.loadClass(BuiltinClassLoader.java:636)
at java.base/jdk.internal.loader.ClassLoaders$AppClassLoader.loadClass(ClassLoaders.java:182)
at java.base/java.lang.ClassLoader.loadClass(ClassLoader.java:519)
... 31 more
... Removed 25 stack frames]]>
    </failure>
  </testcase> <!-- test3 -->
</testsuite> <!-- Test123 -->
